<?xml version="1.0" encoding="UTF-8"?>
<!-- Generated by org.testng.reporters.JUnitReportReporter -->
<testsuite hostname="Akanksh" failures="0" tests="1" name="Login" time="30.752" errors="0" timestamp="2022-10-04T21:59:44 IST" skipped="0">
  <testcase classname="Login" name="f" time="30.752"/>
  <system-out/>
</testsuite> <!-- Login -->
