<?xml version="1.0" encoding="UTF-8"?>
<!-- Generated by org.testng.reporters.JUnitReportReporter -->
<testsuite hostname="Akanksh" failures="0" tests="1" name="RegistrationForm" time="32.847" errors="0" timestamp="2022-10-04T21:59:44 IST" skipped="0">
  <testcase classname="RegistrationForm" name="f" time="32.847"/>
  <system-out/>
</testsuite> <!-- RegistrationForm -->
