<?xml version="1.0" encoding="UTF-8"?>
<!-- Generated by org.testng.reporters.JUnitReportReporter -->
<testsuite hostname="Akanksh" failures="0" tests="1" name="mAadhar_Test.test" time="4.806" errors="0" timestamp="2022-10-14T06:08:49 IST" skipped="0">
  <testcase classname="mAadhar_Test.test" name="launchChrome" time="4.806"/>
  <system-out/>
</testsuite> <!-- mAadhar_Test.test -->
